c:\users\george birzu\source\repos\opengl-text-rendering\ultimate-engine\debug\vc140.pdb
c:\users\george birzu\source\repos\opengl-text-rendering\ultimate-engine\debug\vc140.idb
c:\users\george birzu\source\repos\opengl-text-rendering\ultimate-engine\debug\main.obj
c:\users\george birzu\source\repos\opengl-text-rendering\ultimate-engine\debug\cameramanager.obj
c:\users\george birzu\source\repos\opengl-text-rendering\ultimate-engine\debug\contextinfo.obj
c:\users\george birzu\source\repos\opengl-text-rendering\ultimate-engine\debug\framebufferinfo.obj
c:\users\george birzu\source\repos\opengl-text-rendering\ultimate-engine\debug\init_glew.obj
c:\users\george birzu\source\repos\opengl-text-rendering\ultimate-engine\debug\init_glut.obj
c:\users\george birzu\source\repos\opengl-text-rendering\ultimate-engine\debug\model.obj
c:\users\george birzu\source\repos\opengl-text-rendering\ultimate-engine\debug\modelmanager.obj
c:\users\george birzu\source\repos\opengl-text-rendering\ultimate-engine\debug\rectangle.obj
c:\users\george birzu\source\repos\opengl-text-rendering\ultimate-engine\debug\scenemanager.obj
c:\users\george birzu\source\repos\opengl-text-rendering\ultimate-engine\debug\shadermanager.obj
c:\users\george birzu\source\repos\opengl-text-rendering\ultimate-engine\debug\camera.obj
c:\users\george birzu\source\repos\opengl-text-rendering\ultimate-engine\debug\sun.obj
c:\users\george birzu\source\repos\opengl-text-rendering\ultimate-engine\debug\vertexformat.obj
c:\users\george birzu\source\repos\opengl-text-rendering\ultimate-engine\debug\windowinfo.obj
c:\users\george birzu\source\repos\opengl-text-rendering\ultimate-engine\debug\windowsmanager.obj
c:\users\george birzu\source\repos\opengl-text-rendering\debug\ultimate-engine.ilk
c:\users\george birzu\source\repos\opengl-text-rendering\debug\ultimate-engine.exe
c:\users\george birzu\source\repos\opengl-text-rendering\debug\ultimate-engine.pdb
c:\users\george birzu\source\repos\opengl-text-rendering\ultimate-engine\debug\ultimate-engine.tlog\cl.command.1.tlog
c:\users\george birzu\source\repos\opengl-text-rendering\ultimate-engine\debug\ultimate-engine.tlog\cl.read.1.tlog
c:\users\george birzu\source\repos\opengl-text-rendering\ultimate-engine\debug\ultimate-engine.tlog\cl.write.1.tlog
c:\users\george birzu\source\repos\opengl-text-rendering\ultimate-engine\debug\ultimate-engine.tlog\link.command.1.tlog
c:\users\george birzu\source\repos\opengl-text-rendering\ultimate-engine\debug\ultimate-engine.tlog\link.read.1.tlog
c:\users\george birzu\source\repos\opengl-text-rendering\ultimate-engine\debug\ultimate-engine.tlog\link.write.1.tlog
